\BOOKMARK [0][-]{chapter.1}{Resumen}{}
\BOOKMARK [1][-]{section.1.1}{Resumen}{chapter.1}
\BOOKMARK [0][-]{chapter.2}{Memoria}{}
\BOOKMARK [1][-]{section.2.1}{Introducci\363n}{chapter.2}
\BOOKMARK [1][-]{section.2.2}{Base te\363rica}{chapter.2}
\BOOKMARK [2][-]{subsection.2.2.1}{Estado del Arte}{section.2.2}
\BOOKMARK [3][-]{subsubsection.2.2.1.1}{\277Qu\351 puede ser un museo virtual?}{subsection.2.2.1}
\BOOKMARK [3][-]{subsubsection.2.2.1.2}{Museos}{subsection.2.2.1}
\BOOKMARK [4][-]{paragraph.2.2.1.2.1}{Tate Modern \(Londres, Reino Unido\)}{subsubsection.2.2.1.2}
\BOOKMARK [4][-]{paragraph.2.2.1.2.2}{MoMA \(New York, EEUU\)}{subsubsection.2.2.1.2}
\BOOKMARK [4][-]{paragraph.2.2.1.2.3}{Actual museo del OAN}{subsubsection.2.2.1.2}
\BOOKMARK [3][-]{subsubsection.2.2.1.3}{Enciclopedias}{subsection.2.2.1}
\BOOKMARK [4][-]{paragraph.2.2.1.3.1}{Wikipedia}{subsubsection.2.2.1.3}
\BOOKMARK [4][-]{paragraph.2.2.1.3.2}{Indianopedia, Frikipedia, *pedia}{subsubsection.2.2.1.3}
\BOOKMARK [3][-]{subsubsection.2.2.1.4}{Sistemas gestores de contenidos vs Wikis}{subsection.2.2.1}
\BOOKMARK [1][-]{section.2.3}{Descripci\363n del dise\361o}{chapter.2}
\BOOKMARK [2][-]{subsection.2.3.1}{Baremaci\363n de alternativas}{section.2.3}
\BOOKMARK [3][-]{subsubsection.2.3.1.1}{Comentarios}{subsection.2.3.1}
\BOOKMARK [2][-]{subsection.2.3.2}{Comparativa}{section.2.3}
\BOOKMARK [3][-]{subsubsection.2.3.2.1}{Premisas iniciales}{subsection.2.3.2}
\BOOKMARK [3][-]{subsubsection.2.3.2.2}{Candidatos pre-seleccionados}{subsection.2.3.2}
\BOOKMARK [3][-]{subsubsection.2.3.2.3}{Comparativa con CMSMatrix}{subsection.2.3.2}
\BOOKMARK [4][-]{paragraph.2.3.2.3.1}{System Requirements \(Requisitos de sistema\)}{subsubsection.2.3.2.3}
\BOOKMARK [4][-]{paragraph.2.3.2.3.2}{Security \(Seguridad\)}{subsubsection.2.3.2.3}
\BOOKMARK [4][-]{paragraph.2.3.2.3.3}{Support \(Asistencia\)}{subsubsection.2.3.2.3}
\BOOKMARK [4][-]{paragraph.2.3.2.3.4}{Ease of Use \(Facilidad de uso\)}{subsubsection.2.3.2.3}
\BOOKMARK [4][-]{paragraph.2.3.2.3.5}{Performance \(Rendimiento\)}{subsubsection.2.3.2.3}
\BOOKMARK [4][-]{paragraph.2.3.2.3.6}{Management \(Administraci\363n\)}{subsubsection.2.3.2.3}
\BOOKMARK [4][-]{paragraph.2.3.2.3.7}{Interoperability \(Interoperatividad\)}{subsubsection.2.3.2.3}
\BOOKMARK [4][-]{paragraph.2.3.2.3.8}{Flexibility \(Flexibilidad\)}{subsubsection.2.3.2.3}
\BOOKMARK [4][-]{paragraph.2.3.2.3.9}{Built-in Applications \(Aplicaciones embebidas\)}{subsubsection.2.3.2.3}
\BOOKMARK [4][-]{paragraph.2.3.2.3.10}{Commerce \(Comercio electr\363nico\)}{subsubsection.2.3.2.3}
\BOOKMARK [3][-]{subsubsection.2.3.2.4}{Propuesta preliminar}{subsection.2.3.2}
\BOOKMARK [4][-]{paragraph.2.3.2.4.1}{Liferay Portal \(Community Edition\)}{subsubsection.2.3.2.4}
\BOOKMARK [4][-]{paragraph.2.3.2.4.2}{Drupal}{subsubsection.2.3.2.4}
\BOOKMARK [4][-]{paragraph.2.3.2.4.3}{Moodle}{subsubsection.2.3.2.4}
\BOOKMARK [4][-]{paragraph.2.3.2.4.4}{Plone}{subsubsection.2.3.2.4}
\BOOKMARK [2][-]{subsection.2.3.3}{Anexo a comparativa}{section.2.3}
\BOOKMARK [3][-]{subsubsection.2.3.3.1}{Breve an\341lisis de Alfresco}{subsection.2.3.3}
\BOOKMARK [2][-]{subsection.2.3.4}{Modelo de datos}{section.2.3}
\BOOKMARK [3][-]{subsubsection.2.3.4.1}{Cat\341logo}{subsection.2.3.4}
\BOOKMARK [4][-]{paragraph.2.3.4.1.1}{OBJETO}{subsubsection.2.3.4.1}
\BOOKMARK [4][-]{paragraph.2.3.4.1.2}{\301REA}{subsubsection.2.3.4.1}
\BOOKMARK [4][-]{paragraph.2.3.4.1.3}{TIPO\137OBJETO}{subsubsection.2.3.4.1}
\BOOKMARK [4][-]{paragraph.2.3.4.1.4}{ART\315CULOS}{subsubsection.2.3.4.1}
\BOOKMARK [4][-]{paragraph.2.3.4.1.5}{AREA\137ART\315CULO}{subsubsection.2.3.4.1}
\BOOKMARK [4][-]{paragraph.2.3.4.1.6}{INVENTOR}{subsubsection.2.3.4.1}
\BOOKMARK [1][-]{section.2.4}{Drupal}{chapter.2}
\BOOKMARK [2][-]{subsection.2.4.1}{Entorno de \(pre\)desarrollo}{section.2.4}
\BOOKMARK [2][-]{subsection.2.4.2}{Understanding Drupal}{section.2.4}
\BOOKMARK [3][-]{subsubsection.2.4.2.1}{General}{subsection.2.4.2}
\BOOKMARK [3][-]{subsubsection.2.4.2.2}{M\363dulos}{subsection.2.4.2}
\BOOKMARK [3][-]{subsubsection.2.4.2.3}{Usuarios}{subsection.2.4.2}
\BOOKMARK [3][-]{subsubsection.2.4.2.4}{Nodos}{subsection.2.4.2}
\BOOKMARK [3][-]{subsubsection.2.4.2.5}{Formas de organizar el contenido}{subsection.2.4.2}
\BOOKMARK [4][-]{paragraph.2.4.2.5.1}{Bloques}{subsubsection.2.4.2.5}
\BOOKMARK [4][-]{paragraph.2.4.2.5.2}{Men\372s}{subsubsection.2.4.2.5}
\BOOKMARK [4][-]{paragraph.2.4.2.5.3}{Taxonom\355as}{subsubsection.2.4.2.5}
\BOOKMARK [4][-]{paragraph.2.4.2.5.4}{CCK \(Content Construction Kit\)}{subsubsection.2.4.2.5}
\BOOKMARK [4][-]{paragraph.2.4.2.5.5}{Views}{subsubsection.2.4.2.5}
\BOOKMARK [3][-]{subsubsection.2.4.2.6}{Temas}{subsection.2.4.2}
\BOOKMARK [4][-]{paragraph.2.4.2.6.1}{Archivos .info}{subsubsection.2.4.2.6}
\BOOKMARK [4][-]{paragraph.2.4.2.6.2}{Regiones}{subsubsection.2.4.2.6}
\BOOKMARK [4][-]{paragraph.2.4.2.6.3}{Caracter\355sticas}{subsubsection.2.4.2.6}
\BOOKMARK [4][-]{paragraph.2.4.2.6.4}{CSS y JavaScript}{subsubsection.2.4.2.6}
\BOOKMARK [4][-]{paragraph.2.4.2.6.5}{Archivos de plantilla}{subsubsection.2.4.2.6}
\BOOKMARK [4][-]{paragraph.2.4.2.6.6}{template.php}{subsubsection.2.4.2.6}
\BOOKMARK [1][-]{section.2.5}{Conclusiones y trabajo futuro}{chapter.2}
\BOOKMARK [0][-]{chapter.3}{Pliego de condiciones}{}
\BOOKMARK [1][-]{section.3.1}{Consideraciones previas}{chapter.3}
\BOOKMARK [2][-]{subsection.3.1.1}{Rendimiento necesario}{section.3.1}
\BOOKMARK [3][-]{subsubsection.3.1.1.1}{Afluencia}{subsection.3.1.1}
\BOOKMARK [3][-]{subsubsection.3.1.1.2}{Caudal}{subsection.3.1.1}
\BOOKMARK [3][-]{subsubsection.3.1.1.3}{Criticidad}{subsection.3.1.1}
\BOOKMARK [2][-]{subsection.3.1.2}{Particularidades del software elegido}{section.3.1}
\BOOKMARK [3][-]{subsubsection.3.1.2.1}{Rendimiento de la pila LAMP}{subsection.3.1.2}
\BOOKMARK [3][-]{subsubsection.3.1.2.2}{Cuellos de botella}{subsection.3.1.2}
\BOOKMARK [3][-]{subsubsection.3.1.2.3}{Invitados indeseables}{subsection.3.1.2}
\BOOKMARK [3][-]{subsubsection.3.1.2.4}{Rendimiento de Apache}{subsection.3.1.2}
\BOOKMARK [3][-]{subsubsection.3.1.2.5}{Ajustes de PHP}{subsection.3.1.2}
\BOOKMARK [3][-]{subsubsection.3.1.2.6}{Ajustes de rendimiento de MySQL}{subsection.3.1.2}
\BOOKMARK [3][-]{subsubsection.3.1.2.7}{Ancho de banda}{subsection.3.1.2}
\BOOKMARK [3][-]{subsubsection.3.1.2.8}{Consumo de recursos de Drupal}{subsection.3.1.2}
\BOOKMARK [3][-]{subsubsection.3.1.2.9}{Configuraci\363n de Drupal hacia el rendimiento}{subsection.3.1.2}
\BOOKMARK [2][-]{subsection.3.1.3}{Umbral de costes}{section.3.1}
\BOOKMARK [1][-]{section.3.2}{Requisitos de Hardware}{chapter.3}
\BOOKMARK [2][-]{subsection.3.2.1}{Desarrollo}{section.3.2}
\BOOKMARK [2][-]{subsection.3.2.2}{Servidor}{section.3.2}
\BOOKMARK [2][-]{subsection.3.2.3}{Infraestructura de red}{section.3.2}
\BOOKMARK [2][-]{subsection.3.2.4}{Cliente en sala}{section.3.2}
\BOOKMARK [2][-]{subsection.3.2.5}{Dispositivo m\363vil}{section.3.2}
\BOOKMARK [1][-]{section.3.3}{Requisitos de Software}{chapter.3}
\BOOKMARK [2][-]{subsection.3.3.1}{Desarrollo}{section.3.3}
\BOOKMARK [2][-]{subsection.3.3.2}{Servidor}{section.3.3}
\BOOKMARK [2][-]{subsection.3.3.3}{Cliente en sala}{section.3.3}
\BOOKMARK [2][-]{subsection.3.3.4}{Dispositivo m\363vil}{section.3.3}
\BOOKMARK [0][-]{chapter.4}{Manual de Usuario}{}
\BOOKMARK [1][-]{section.4.1}{Manual}{chapter.4}
\BOOKMARK [0][-]{chapter.5}{Bibliograf\355a}{}
